2024-08-14 22:54:19,030 [Worker-8: Loading available Gradle versions] INFO  o.e.b.c.i.u.g.PublishedGradleVersions - Gradle version information cache is up-to-date. Trying to read.
2024-08-14 22:55:01,088 [Worker-16: Importing Maven projects] INFO  o.e.m.c.i.l.LifecycleMappingFactory - Using org.eclipse.m2e.jdt.JarLifecycleMapping lifecycle mapping for MavenProject: com.wakefit.ecommerce:wakefitfurniture:0.0.1-SNAPSHOT @ C:\Users\HP\OneDrive\Desktop\BackEnd_wakefitfurniture_Latest_Springboot\BackEnd_wakefitfurniture_Latest\BackEnd_wakefitfurniture\wakefitfurniture\pom.xml.
2024-08-14 22:55:01,559 [Worker-16: Importing Maven projects] WARN  o.e.m.c.i.embedder.EclipseLogger - The artifact org.hibernate:hibernate-core:jar:6.0.0.Final has been relocated to org.hibernate.orm:hibernate-core:jar:6.0.0.Final
2024-08-14 22:55:02,932 [Worker-16: Importing Maven projects] INFO  o.e.m.j.i.AbstractJavaProjectConfigurator - Adding source folder /wakefitfurniture/src/main/java
2024-08-14 22:55:02,936 [Worker-16: Importing Maven projects] INFO  o.e.m.j.i.AbstractJavaProjectConfigurator - Adding resource folder /wakefitfurniture/src/main/resources
2024-08-14 22:55:02,947 [Worker-16: Importing Maven projects] INFO  o.e.m.j.i.AbstractJavaProjectConfigurator - Adding resource folder /wakefitfurniture/src/main/resources
2024-08-14 22:55:02,960 [Worker-16: Importing Maven projects] INFO  o.e.m.j.i.AbstractJavaProjectConfigurator - Adding source folder /wakefitfurniture/src/test/java
2024-08-14 22:55:02,962 [Worker-16: Importing Maven projects] INFO  o.e.m.j.i.AbstractJavaProjectConfigurator - Adding resource folder /wakefitfurniture/src/test/resources
2024-08-14 22:55:03,534 [Worker-16: Importing Maven projects] INFO  o.e.m.c.i.p.ProjectConfigurationManager - Imported and configured 1 project(s) in 6 sec
2024-08-14 22:55:06,823 [Worker-14: Building] INFO  o.a.m.s.f.DefaultMavenResourcesFiltering - Copying 1 resource from src\main\resources to target\classes
2024-08-14 22:55:06,845 [Worker-14: Building] INFO  o.a.m.s.f.DefaultMavenResourcesFiltering - Copying 1 resource from src\main\resources to target\classes
2024-08-14 22:55:06,855 [Worker-14: Building] INFO  o.a.m.s.f.DefaultMavenResourcesFiltering - skip non existing resourceDirectory C:\Users\HP\OneDrive\Desktop\BackEnd_wakefitfurniture_Latest_Springboot\BackEnd_wakefitfurniture_Latest\BackEnd_wakefitfurniture\wakefitfurniture\src\test\resources
2024-08-15 11:43:34,965 [Worker-4: Loading available Gradle versions] INFO  o.e.b.c.i.u.g.PublishedGradleVersions - Gradle version information cache is up-to-date. Trying to read.
2024-08-15 11:48:18,324 [Worker-12: Launching wakefitfurniture - wakefitfurnitureApplication] WARN  o.e.m.c.i.embedder.EclipseLogger - The artifact org.hibernate:hibernate-core:jar:6.0.0.Final has been relocated to org.hibernate.orm:hibernate-core:jar:6.0.0.Final
2024-08-15 17:51:05,658 [Worker-64: Building] INFO  o.a.m.s.f.DefaultMavenResourcesFiltering - Copying 1 resource from src\main\resources to target\classes
2024-08-15 17:51:05,677 [Worker-64: Building] INFO  o.a.m.s.f.DefaultMavenResourcesFiltering - Copying 1 resource from src\main\resources to target\classes
2024-08-15 17:51:05,684 [Worker-64: Building] INFO  o.a.m.s.f.DefaultMavenResourcesFiltering - skip non existing resourceDirectory C:\Users\HP\OneDrive\Desktop\BackEnd_wakefitfurniture_Latest_Springboot\BackEnd_wakefitfurniture_Latest\BackEnd_wakefitfurniture\wakefitfurniture\src\test\resources
2024-08-15 17:51:13,435 [Worker-64: Building] INFO  o.a.m.s.f.DefaultMavenResourcesFiltering - Copying 1 resource from src\main\resources to target\classes
2024-08-15 17:51:13,439 [Worker-64: Building] INFO  o.a.m.s.f.DefaultMavenResourcesFiltering - Copying 1 resource from src\main\resources to target\classes
2024-08-15 17:51:13,443 [Worker-64: Building] INFO  o.a.m.s.f.DefaultMavenResourcesFiltering - skip non existing resourceDirectory C:\Users\HP\OneDrive\Desktop\BackEnd_wakefitfurniture_Latest_Springboot\BackEnd_wakefitfurniture_Latest\BackEnd_wakefitfurniture\wakefitfurniture\src\test\resources
2024-08-15 17:52:32,982 [Worker-59: Building] INFO  o.a.m.s.f.DefaultMavenResourcesFiltering - Copying 1 resource from src\main\resources to target\classes
2024-08-15 17:52:32,989 [Worker-59: Building] INFO  o.a.m.s.f.DefaultMavenResourcesFiltering - Copying 1 resource from src\main\resources to target\classes
2024-08-15 17:52:32,995 [Worker-59: Building] INFO  o.a.m.s.f.DefaultMavenResourcesFiltering - skip non existing resourceDirectory C:\Users\HP\OneDrive\Desktop\BackEnd_wakefitfurniture_Latest_Springboot\BackEnd_wakefitfurniture_Latest\BackEnd_wakefitfurniture\wakefitfurniture\src\test\resources
2024-08-15 17:56:31,361 [Worker-59: Building] INFO  o.a.m.s.f.DefaultMavenResourcesFiltering - Copying 1 resource from src\main\resources to target\classes
2024-08-15 17:56:31,368 [Worker-59: Building] INFO  o.a.m.s.f.DefaultMavenResourcesFiltering - Copying 1 resource from src\main\resources to target\classes
2024-08-15 17:56:31,373 [Worker-59: Building] INFO  o.a.m.s.f.DefaultMavenResourcesFiltering - skip non existing resourceDirectory C:\Users\HP\OneDrive\Desktop\BackEnd_wakefitfurniture_Latest_Springboot\BackEnd_wakefitfurniture_Latest\BackEnd_wakefitfurniture\wakefitfurniture\src\test\resources
2024-08-15 17:57:41,963 [Worker-67: Building] INFO  o.a.m.s.f.DefaultMavenResourcesFiltering - Copying 1 resource from src\main\resources to target\classes
2024-08-15 17:57:41,972 [Worker-67: Building] INFO  o.a.m.s.f.DefaultMavenResourcesFiltering - Copying 1 resource from src\main\resources to target\classes
2024-08-15 17:57:41,978 [Worker-67: Building] INFO  o.a.m.s.f.DefaultMavenResourcesFiltering - skip non existing resourceDirectory C:\Users\HP\OneDrive\Desktop\BackEnd_wakefitfurniture_Latest_Springboot\BackEnd_wakefitfurniture_Latest\BackEnd_wakefitfurniture\wakefitfurniture\src\test\resources
2024-08-15 17:57:48,780 [Worker-59: Building] INFO  o.a.m.s.f.DefaultMavenResourcesFiltering - Copying 1 resource from src\main\resources to target\classes
2024-08-15 17:57:48,787 [Worker-59: Building] INFO  o.a.m.s.f.DefaultMavenResourcesFiltering - Copying 1 resource from src\main\resources to target\classes
2024-08-15 17:57:48,794 [Worker-59: Building] INFO  o.a.m.s.f.DefaultMavenResourcesFiltering - skip non existing resourceDirectory C:\Users\HP\OneDrive\Desktop\BackEnd_wakefitfurniture_Latest_Springboot\BackEnd_wakefitfurniture_Latest\BackEnd_wakefitfurniture\wakefitfurniture\src\test\resources
2024-08-15 17:59:50,890 [Worker-70: Building] INFO  o.a.m.s.f.DefaultMavenResourcesFiltering - Copying 1 resource from src\main\resources to target\classes
2024-08-15 17:59:50,913 [Worker-70: Building] INFO  o.a.m.s.f.DefaultMavenResourcesFiltering - Copying 1 resource from src\main\resources to target\classes
2024-08-15 17:59:50,921 [Worker-70: Building] INFO  o.a.m.s.f.DefaultMavenResourcesFiltering - skip non existing resourceDirectory C:\Users\HP\OneDrive\Desktop\BackEnd_wakefitfurniture_Latest_Springboot\BackEnd_wakefitfurniture_Latest\BackEnd_wakefitfurniture\wakefitfurniture\src\test\resources
2024-08-15 18:45:54,971 [Worker-12: Building] INFO  o.a.m.s.f.DefaultMavenResourcesFiltering - Copying 1 resource from src\main\resources to target\classes
2024-08-15 18:45:54,980 [Worker-12: Building] INFO  o.a.m.s.f.DefaultMavenResourcesFiltering - Copying 1 resource from src\main\resources to target\classes
2024-08-15 18:45:54,988 [Worker-12: Building] INFO  o.a.m.s.f.DefaultMavenResourcesFiltering - skip non existing resourceDirectory C:\Users\HP\OneDrive\Desktop\BackEnd_wakefitfurniture_Latest_Springboot\BackEnd_wakefitfurniture_Latest\BackEnd_wakefitfurniture\wakefitfurniture\src\test\resources
2024-08-15 18:46:41,319 [Worker-74: Building] INFO  o.a.m.s.f.DefaultMavenResourcesFiltering - Copying 1 resource from src\main\resources to target\classes
2024-08-15 18:46:41,331 [Worker-74: Building] INFO  o.a.m.s.f.DefaultMavenResourcesFiltering - Copying 1 resource from src\main\resources to target\classes
2024-08-15 18:46:41,336 [Worker-74: Building] INFO  o.a.m.s.f.DefaultMavenResourcesFiltering - skip non existing resourceDirectory C:\Users\HP\OneDrive\Desktop\BackEnd_wakefitfurniture_Latest_Springboot\BackEnd_wakefitfurniture_Latest\BackEnd_wakefitfurniture\wakefitfurniture\src\test\resources
2024-08-15 19:24:05,411 [Worker-88: Building] INFO  o.a.m.s.f.DefaultMavenResourcesFiltering - Copying 1 resource from src\main\resources to target\classes
2024-08-15 19:24:05,422 [Worker-88: Building] INFO  o.a.m.s.f.DefaultMavenResourcesFiltering - Copying 1 resource from src\main\resources to target\classes
2024-08-15 19:24:05,425 [Worker-88: Building] INFO  o.a.m.s.f.DefaultMavenResourcesFiltering - skip non existing resourceDirectory C:\Users\HP\OneDrive\Desktop\BackEnd_wakefitfurniture_Latest_Springboot\BackEnd_wakefitfurniture_Latest\BackEnd_wakefitfurniture\wakefitfurniture\src\test\resources
2024-08-15 19:24:40,383 [Worker-83: Building] INFO  o.a.m.s.f.DefaultMavenResourcesFiltering - Copying 1 resource from src\main\resources to target\classes
2024-08-15 19:24:40,386 [Worker-83: Building] INFO  o.a.m.s.f.DefaultMavenResourcesFiltering - Copying 1 resource from src\main\resources to target\classes
2024-08-15 19:24:40,390 [Worker-83: Building] INFO  o.a.m.s.f.DefaultMavenResourcesFiltering - skip non existing resourceDirectory C:\Users\HP\OneDrive\Desktop\BackEnd_wakefitfurniture_Latest_Springboot\BackEnd_wakefitfurniture_Latest\BackEnd_wakefitfurniture\wakefitfurniture\src\test\resources
2024-08-15 19:25:01,152 [Worker-89: Building] INFO  o.a.m.s.f.DefaultMavenResourcesFiltering - Copying 1 resource from src\main\resources to target\classes
2024-08-15 19:25:01,155 [Worker-89: Building] INFO  o.a.m.s.f.DefaultMavenResourcesFiltering - Copying 1 resource from src\main\resources to target\classes
2024-08-15 19:25:01,157 [Worker-89: Building] INFO  o.a.m.s.f.DefaultMavenResourcesFiltering - skip non existing resourceDirectory C:\Users\HP\OneDrive\Desktop\BackEnd_wakefitfurniture_Latest_Springboot\BackEnd_wakefitfurniture_Latest\BackEnd_wakefitfurniture\wakefitfurniture\src\test\resources
2024-08-15 19:27:25,693 [Worker-89: Building] INFO  o.a.m.s.f.DefaultMavenResourcesFiltering - Copying 1 resource from src\main\resources to target\classes
2024-08-15 19:27:25,698 [Worker-89: Building] INFO  o.a.m.s.f.DefaultMavenResourcesFiltering - Copying 1 resource from src\main\resources to target\classes
2024-08-15 19:27:25,702 [Worker-89: Building] INFO  o.a.m.s.f.DefaultMavenResourcesFiltering - skip non existing resourceDirectory C:\Users\HP\OneDrive\Desktop\BackEnd_wakefitfurniture_Latest_Springboot\BackEnd_wakefitfurniture_Latest\BackEnd_wakefitfurniture\wakefitfurniture\src\test\resources
2024-08-16 08:56:00,926 [Worker-7: Loading available Gradle versions] INFO  o.e.b.c.i.u.g.PublishedGradleVersions - Gradle version information cache is out-of-date. Trying to update.
2024-08-16 09:03:31,251 [Worker-7: Check for devtools] WARN  o.e.m.c.i.embedder.EclipseLogger - The artifact org.hibernate:hibernate-core:jar:6.0.0.Final has been relocated to org.hibernate.orm:hibernate-core:jar:6.0.0.Final
2024-08-16 11:36:30,324 [Worker-4: Loading available Gradle versions] INFO  o.e.b.c.i.u.g.PublishedGradleVersions - Gradle version information cache is up-to-date. Trying to read.
2024-08-16 11:36:36,820 [Worker-9: Check for devtools] WARN  o.e.m.c.i.embedder.EclipseLogger - The artifact org.hibernate:hibernate-core:jar:6.0.0.Final has been relocated to org.hibernate.orm:hibernate-core:jar:6.0.0.Final
2024-08-16 14:33:47,936 [Worker-4: Loading available Gradle versions] INFO  o.e.b.c.i.u.g.PublishedGradleVersions - Gradle version information cache is up-to-date. Trying to read.
2024-08-16 14:37:13,996 [Worker-6: Launching wakefitfurniture - wakefitfurnitureApplication] WARN  o.e.m.c.i.embedder.EclipseLogger - The artifact org.hibernate:hibernate-core:jar:6.0.0.Final has been relocated to org.hibernate.orm:hibernate-core:jar:6.0.0.Final
2024-08-16 14:37:14,885 [Worker-6: Launching wakefitfurniture - wakefitfurnitureApplication] INFO  o.a.m.s.f.DefaultMavenResourcesFiltering - Copying 1 resource from src\main\resources to target\classes
2024-08-16 14:37:14,907 [Worker-6: Launching wakefitfurniture - wakefitfurnitureApplication] INFO  o.a.m.s.f.DefaultMavenResourcesFiltering - Copying 1 resource from src\main\resources to target\classes
2024-08-16 14:37:14,914 [Worker-6: Launching wakefitfurniture - wakefitfurnitureApplication] INFO  o.a.m.s.f.DefaultMavenResourcesFiltering - skip non existing resourceDirectory C:\Users\HP\OneDrive\Desktop\BackEnd_wakefitfurniture_Latest_Springboot\BackEnd_wakefitfurniture_Latest\BackEnd_wakefitfurniture\wakefitfurniture\src\test\resources
2024-08-18 13:30:10,235 [Worker-7: Loading available Gradle versions] INFO  o.e.b.c.i.u.g.PublishedGradleVersions - Gradle version information cache is out-of-date. Trying to update.
2024-08-18 13:30:40,241 [Worker-9: Launching wakefitfurniture - wakefitfurnitureApplication] WARN  o.e.m.c.i.embedder.EclipseLogger - The artifact org.hibernate:hibernate-core:jar:6.0.0.Final has been relocated to org.hibernate.orm:hibernate-core:jar:6.0.0.Final
2024-08-18 21:05:33,630 [Worker-6: Loading available Gradle versions] INFO  o.e.b.c.i.u.g.PublishedGradleVersions - Gradle version information cache is up-to-date. Trying to read.
2024-08-18 21:59:46,251 [Worker-7: Loading available Gradle versions] INFO  o.e.b.c.i.u.g.PublishedGradleVersions - Gradle version information cache is up-to-date. Trying to read.
2024-08-18 22:00:00,951 [Worker-2: Launching wakefitfurniture - wakefitfurnitureApplication] WARN  o.e.m.c.i.embedder.EclipseLogger - The artifact org.hibernate:hibernate-core:jar:6.0.0.Final has been relocated to org.hibernate.orm:hibernate-core:jar:6.0.0.Final
2024-08-18 22:00:01,250 [Worker-2: Launching wakefitfurniture - wakefitfurnitureApplication] INFO  o.a.m.s.f.DefaultMavenResourcesFiltering - Copying 1 resource from src\main\resources to target\classes
2024-08-18 22:00:01,272 [Worker-2: Launching wakefitfurniture - wakefitfurnitureApplication] INFO  o.a.m.s.f.DefaultMavenResourcesFiltering - Copying 1 resource from src\main\resources to target\classes
2024-08-18 22:00:01,279 [Worker-2: Launching wakefitfurniture - wakefitfurnitureApplication] INFO  o.a.m.s.f.DefaultMavenResourcesFiltering - skip non existing resourceDirectory C:\Users\HP\OneDrive\Desktop\BackEnd_wakefitfurniture_Latest_Springboot\BackEnd_wakefitfurniture_Latest\BackEnd_wakefitfurniture\wakefitfurniture\src\test\resources
2024-08-19 10:39:56,722 [Worker-7: Loading available Gradle versions] INFO  o.e.b.c.i.u.g.PublishedGradleVersions - Gradle version information cache is up-to-date. Trying to read.
2024-08-19 11:12:58,819 [Worker-7: Loading available Gradle versions] INFO  o.e.b.c.i.u.g.PublishedGradleVersions - Gradle version information cache is up-to-date. Trying to read.
2024-08-24 17:17:24,531 [Worker-4: Loading available Gradle versions] INFO  o.e.b.c.i.u.g.PublishedGradleVersions - Gradle version information cache is up-to-date. Trying to read.
2024-08-24 17:24:23,346 [Worker-16: Launching wakefitfurniture - wakefitfurnitureApplication] WARN  o.e.m.c.i.embedder.EclipseLogger - The artifact org.hibernate:hibernate-core:jar:6.0.0.Final has been relocated to org.hibernate.orm:hibernate-core:jar:6.0.0.Final
2024-08-24 17:24:24,192 [Worker-16: Launching wakefitfurniture - wakefitfurnitureApplication] INFO  o.a.m.s.f.DefaultMavenResourcesFiltering - Copying 1 resource from src\main\resources to target\classes
2024-08-24 17:24:24,205 [Worker-16: Launching wakefitfurniture - wakefitfurnitureApplication] INFO  o.a.m.s.f.DefaultMavenResourcesFiltering - Copying 1 resource from src\main\resources to target\classes
2024-08-24 17:24:24,211 [Worker-16: Launching wakefitfurniture - wakefitfurnitureApplication] INFO  o.a.m.s.f.DefaultMavenResourcesFiltering - skip non existing resourceDirectory C:\Users\HP\OneDrive\Desktop\BackEnd_wakefitfurniture_Latest_Springboot\BackEnd_wakefitfurniture_Latest\BackEnd_wakefitfurniture\wakefitfurniture\src\test\resources
2024-08-26 19:53:04,067 [Worker-7: Loading available Gradle versions] INFO  o.e.b.c.i.u.g.PublishedGradleVersions - Gradle version information cache is out-of-date. Trying to update.
2024-08-26 19:53:21,859 [Worker-8: Launching wakefitfurniture - wakefitfurnitureApplication] WARN  o.e.m.c.i.embedder.EclipseLogger - The artifact org.hibernate:hibernate-core:jar:6.0.0.Final has been relocated to org.hibernate.orm:hibernate-core:jar:6.0.0.Final
2024-08-27 11:16:23,637 [Worker-6: Loading available Gradle versions] INFO  o.e.b.c.i.u.g.PublishedGradleVersions - Gradle version information cache is up-to-date. Trying to read.
2024-08-27 11:16:55,862 [Worker-6: Building] WARN  o.e.m.c.i.embedder.EclipseLogger - The artifact org.hibernate:hibernate-core:jar:6.0.0.Final has been relocated to org.hibernate.orm:hibernate-core:jar:6.0.0.Final
2024-08-27 11:16:57,136 [Worker-6: Building] INFO  o.a.m.s.f.DefaultMavenResourcesFiltering - Copying 1 resource from src\main\resources to target\classes
2024-08-27 11:16:57,165 [Worker-6: Building] INFO  o.a.m.s.f.DefaultMavenResourcesFiltering - Copying 1 resource from src\main\resources to target\classes
2024-08-27 11:16:57,172 [Worker-6: Building] INFO  o.a.m.s.f.DefaultMavenResourcesFiltering - skip non existing resourceDirectory C:\Users\HP\OneDrive\Desktop\BackEnd_wakefitfurniture_Latest_Springboot\BackEnd_wakefitfurniture_Latest\BackEnd_wakefitfurniture\wakefitfurniture\src\test\resources
2024-08-27 11:27:29,270 [Worker-4: Loading available Gradle versions] INFO  o.e.b.c.i.u.g.PublishedGradleVersions - Gradle version information cache is up-to-date. Trying to read.
2024-08-27 11:32:19,075 [Worker-3: Launching wakefitfurniture - wakefitfurnitureApplication] WARN  o.e.m.c.i.embedder.EclipseLogger - The artifact org.hibernate:hibernate-core:jar:6.0.0.Final has been relocated to org.hibernate.orm:hibernate-core:jar:6.0.0.Final
2024-08-27 18:29:12,503 [Worker-129: Building] INFO  o.a.m.s.f.DefaultMavenResourcesFiltering - Copying 1 resource from src\main\resources to target\classes
2024-08-27 18:29:12,535 [Worker-129: Building] INFO  o.a.m.s.f.DefaultMavenResourcesFiltering - Copying 1 resource from src\main\resources to target\classes
2024-08-27 18:29:12,546 [Worker-129: Building] INFO  o.a.m.s.f.DefaultMavenResourcesFiltering - skip non existing resourceDirectory C:\Users\HP\OneDrive\Desktop\BackEnd_wakefitfurniture_Latest_Springboot\BackEnd_wakefitfurniture_Latest\BackEnd_wakefitfurniture\wakefitfurniture\src\test\resources
2024-08-27 18:38:01,822 [Worker-126: Building] INFO  o.a.m.s.f.DefaultMavenResourcesFiltering - Copying 1 resource from src\main\resources to target\classes
2024-08-27 18:38:01,830 [Worker-126: Building] INFO  o.a.m.s.f.DefaultMavenResourcesFiltering - Copying 1 resource from src\main\resources to target\classes
2024-08-27 18:38:01,835 [Worker-126: Building] INFO  o.a.m.s.f.DefaultMavenResourcesFiltering - skip non existing resourceDirectory C:\Users\HP\OneDrive\Desktop\BackEnd_wakefitfurniture_Latest_Springboot\BackEnd_wakefitfurniture_Latest\BackEnd_wakefitfurniture\wakefitfurniture\src\test\resources
2024-08-27 18:38:58,052 [Worker-134: Building] INFO  o.a.m.s.f.DefaultMavenResourcesFiltering - Copying 1 resource from src\main\resources to target\classes
2024-08-27 18:38:58,058 [Worker-134: Building] INFO  o.a.m.s.f.DefaultMavenResourcesFiltering - Copying 1 resource from src\main\resources to target\classes
2024-08-27 18:38:58,064 [Worker-134: Building] INFO  o.a.m.s.f.DefaultMavenResourcesFiltering - skip non existing resourceDirectory C:\Users\HP\OneDrive\Desktop\BackEnd_wakefitfurniture_Latest_Springboot\BackEnd_wakefitfurniture_Latest\BackEnd_wakefitfurniture\wakefitfurniture\src\test\resources
2024-08-27 18:41:10,120 [Worker-126: Building] INFO  o.a.m.s.f.DefaultMavenResourcesFiltering - Copying 1 resource from src\main\resources to target\classes
2024-08-27 18:41:10,127 [Worker-126: Building] INFO  o.a.m.s.f.DefaultMavenResourcesFiltering - Copying 1 resource from src\main\resources to target\classes
2024-08-27 18:41:10,132 [Worker-126: Building] INFO  o.a.m.s.f.DefaultMavenResourcesFiltering - skip non existing resourceDirectory C:\Users\HP\OneDrive\Desktop\BackEnd_wakefitfurniture_Latest_Springboot\BackEnd_wakefitfurniture_Latest\BackEnd_wakefitfurniture\wakefitfurniture\src\test\resources
2024-08-27 18:42:01,289 [Worker-135: Building] INFO  o.a.m.s.f.DefaultMavenResourcesFiltering - Copying 1 resource from src\main\resources to target\classes
2024-08-27 18:42:01,295 [Worker-135: Building] INFO  o.a.m.s.f.DefaultMavenResourcesFiltering - Copying 1 resource from src\main\resources to target\classes
2024-08-27 18:42:01,302 [Worker-135: Building] INFO  o.a.m.s.f.DefaultMavenResourcesFiltering - skip non existing resourceDirectory C:\Users\HP\OneDrive\Desktop\BackEnd_wakefitfurniture_Latest_Springboot\BackEnd_wakefitfurniture_Latest\BackEnd_wakefitfurniture\wakefitfurniture\src\test\resources
2024-08-27 18:48:37,257 [Worker-133: Building] INFO  o.a.m.s.f.DefaultMavenResourcesFiltering - Copying 1 resource from src\main\resources to target\classes
2024-08-27 18:48:37,265 [Worker-133: Building] INFO  o.a.m.s.f.DefaultMavenResourcesFiltering - Copying 1 resource from src\main\resources to target\classes
2024-08-27 18:48:37,270 [Worker-133: Building] INFO  o.a.m.s.f.DefaultMavenResourcesFiltering - skip non existing resourceDirectory C:\Users\HP\OneDrive\Desktop\BackEnd_wakefitfurniture_Latest_Springboot\BackEnd_wakefitfurniture_Latest\BackEnd_wakefitfurniture\wakefitfurniture\src\test\resources
2024-08-27 18:49:04,288 [Worker-136: Building] INFO  o.a.m.s.f.DefaultMavenResourcesFiltering - Copying 1 resource from src\main\resources to target\classes
2024-08-27 18:49:04,294 [Worker-136: Building] INFO  o.a.m.s.f.DefaultMavenResourcesFiltering - Copying 1 resource from src\main\resources to target\classes
2024-08-27 18:49:04,300 [Worker-136: Building] INFO  o.a.m.s.f.DefaultMavenResourcesFiltering - skip non existing resourceDirectory C:\Users\HP\OneDrive\Desktop\BackEnd_wakefitfurniture_Latest_Springboot\BackEnd_wakefitfurniture_Latest\BackEnd_wakefitfurniture\wakefitfurniture\src\test\resources
2024-08-27 18:52:11,124 [Worker-136: Building] INFO  o.a.m.s.f.DefaultMavenResourcesFiltering - Copying 1 resource from src\main\resources to target\classes
2024-08-27 18:52:11,131 [Worker-136: Building] INFO  o.a.m.s.f.DefaultMavenResourcesFiltering - Copying 1 resource from src\main\resources to target\classes
2024-08-27 18:52:11,136 [Worker-136: Building] INFO  o.a.m.s.f.DefaultMavenResourcesFiltering - skip non existing resourceDirectory C:\Users\HP\OneDrive\Desktop\BackEnd_wakefitfurniture_Latest_Springboot\BackEnd_wakefitfurniture_Latest\BackEnd_wakefitfurniture\wakefitfurniture\src\test\resources
2024-08-27 19:06:19,983 [Worker-133: Building] INFO  o.a.m.s.f.DefaultMavenResourcesFiltering - Copying 1 resource from src\main\resources to target\classes
2024-08-27 19:06:20,002 [Worker-133: Building] INFO  o.a.m.s.f.DefaultMavenResourcesFiltering - Copying 1 resource from src\main\resources to target\classes
2024-08-27 19:06:20,035 [Worker-133: Building] INFO  o.a.m.s.f.DefaultMavenResourcesFiltering - skip non existing resourceDirectory C:\Users\HP\OneDrive\Desktop\BackEnd_wakefitfurniture_Latest_Springboot\BackEnd_wakefitfurniture_Latest\BackEnd_wakefitfurniture\wakefitfurniture\src\test\resources
2024-08-27 19:39:58,533 [Worker-148: Building] INFO  o.a.m.s.f.DefaultMavenResourcesFiltering - Copying 1 resource from src\main\resources to target\classes
2024-08-27 19:39:58,554 [Worker-148: Building] INFO  o.a.m.s.f.DefaultMavenResourcesFiltering - Copying 1 resource from src\main\resources to target\classes
2024-08-27 19:39:58,561 [Worker-148: Building] INFO  o.a.m.s.f.DefaultMavenResourcesFiltering - skip non existing resourceDirectory C:\Users\HP\OneDrive\Desktop\BackEnd_wakefitfurniture_Latest_Springboot\BackEnd_wakefitfurniture_Latest\BackEnd_wakefitfurniture\wakefitfurniture\src\test\resources
2024-08-27 19:43:48,717 [Worker-154: Building] INFO  o.a.m.s.f.DefaultMavenResourcesFiltering - Copying 1 resource from src\main\resources to target\classes
2024-08-27 19:43:48,724 [Worker-154: Building] INFO  o.a.m.s.f.DefaultMavenResourcesFiltering - Copying 1 resource from src\main\resources to target\classes
2024-08-27 19:43:48,731 [Worker-154: Building] INFO  o.a.m.s.f.DefaultMavenResourcesFiltering - skip non existing resourceDirectory C:\Users\HP\OneDrive\Desktop\BackEnd_wakefitfurniture_Latest_Springboot\BackEnd_wakefitfurniture_Latest\BackEnd_wakefitfurniture\wakefitfurniture\src\test\resources
2024-08-27 20:11:45,225 [Worker-161: Building] INFO  o.a.m.s.f.DefaultMavenResourcesFiltering - Copying 1 resource from src\main\resources to target\classes
2024-08-27 20:11:45,232 [Worker-161: Building] INFO  o.a.m.s.f.DefaultMavenResourcesFiltering - Copying 1 resource from src\main\resources to target\classes
2024-08-27 20:11:45,237 [Worker-161: Building] INFO  o.a.m.s.f.DefaultMavenResourcesFiltering - skip non existing resourceDirectory C:\Users\HP\OneDrive\Desktop\BackEnd_wakefitfurniture_Latest_Springboot\BackEnd_wakefitfurniture_Latest\BackEnd_wakefitfurniture\wakefitfurniture\src\test\resources
2024-08-27 20:13:02,888 [Worker-156: Building] INFO  o.a.m.s.f.DefaultMavenResourcesFiltering - Copying 1 resource from src\main\resources to target\classes
2024-08-27 20:13:02,894 [Worker-156: Building] INFO  o.a.m.s.f.DefaultMavenResourcesFiltering - Copying 1 resource from src\main\resources to target\classes
2024-08-27 20:13:02,899 [Worker-156: Building] INFO  o.a.m.s.f.DefaultMavenResourcesFiltering - skip non existing resourceDirectory C:\Users\HP\OneDrive\Desktop\BackEnd_wakefitfurniture_Latest_Springboot\BackEnd_wakefitfurniture_Latest\BackEnd_wakefitfurniture\wakefitfurniture\src\test\resources
2024-08-27 20:13:10,192 [Worker-161: Building] INFO  o.a.m.s.f.DefaultMavenResourcesFiltering - Copying 1 resource from src\main\resources to target\classes
2024-08-27 20:13:10,196 [Worker-161: Building] INFO  o.a.m.s.f.DefaultMavenResourcesFiltering - Copying 1 resource from src\main\resources to target\classes
2024-08-27 20:13:10,202 [Worker-161: Building] INFO  o.a.m.s.f.DefaultMavenResourcesFiltering - skip non existing resourceDirectory C:\Users\HP\OneDrive\Desktop\BackEnd_wakefitfurniture_Latest_Springboot\BackEnd_wakefitfurniture_Latest\BackEnd_wakefitfurniture\wakefitfurniture\src\test\resources
2024-08-27 22:38:13,481 [Worker-169: Building] INFO  o.a.m.s.f.DefaultMavenResourcesFiltering - Copying 1 resource from src\main\resources to target\classes
2024-08-27 22:38:13,492 [Worker-169: Building] INFO  o.a.m.s.f.DefaultMavenResourcesFiltering - Copying 1 resource from src\main\resources to target\classes
2024-08-27 22:38:13,496 [Worker-169: Building] INFO  o.a.m.s.f.DefaultMavenResourcesFiltering - skip non existing resourceDirectory C:\Users\HP\OneDrive\Desktop\BackEnd_wakefitfurniture_Latest_Springboot\BackEnd_wakefitfurniture_Latest\BackEnd_wakefitfurniture\wakefitfurniture\src\test\resources
2024-08-28 11:06:56,352 [Worker-7: Loading available Gradle versions] INFO  o.e.b.c.i.u.g.PublishedGradleVersions - Gradle version information cache is up-to-date. Trying to read.
2024-09-06 21:08:05,889 [Worker-6: Loading available Gradle versions] INFO  o.e.b.c.i.u.g.PublishedGradleVersions - Gradle version information cache is up-to-date. Trying to read.
2024-09-06 21:08:14,623 [Worker-0: Building] WARN  o.e.m.c.i.embedder.EclipseLogger - The artifact org.hibernate:hibernate-core:jar:6.0.0.Final has been relocated to org.hibernate.orm:hibernate-core:jar:6.0.0.Final
2024-09-06 21:08:16,373 [Worker-0: Building] INFO  o.e.m.c.i.l.LifecycleMappingFactory - Using org.eclipse.m2e.jdt.JarLifecycleMapping lifecycle mapping for MavenProject: com.wakefit.ecommerce:wakefitfurniture:0.0.1-SNAPSHOT @ C:\Users\HP\OneDrive\Desktop\BackEnd_wakefitfurniture_Latest_Springboot\BackEnd_wakefitfurniture_Latest\BackEnd_wakefitfurniture\wakefitfurniture\pom.xml.
2024-09-06 21:08:16,968 [Worker-0: Building] WARN  o.e.m.c.i.embedder.EclipseLogger - The artifact org.hibernate:hibernate-core:jar:6.0.0.Final has been relocated to org.hibernate.orm:hibernate-core:jar:6.0.0.Final
2024-09-06 21:08:18,352 [Worker-0: Building] INFO  o.a.m.s.f.DefaultMavenResourcesFiltering - Copying 1 resource from src\main\resources to target\classes
2024-09-06 21:08:18,382 [Worker-0: Building] INFO  o.a.m.s.f.DefaultMavenResourcesFiltering - Copying 1 resource from src\main\resources to target\classes
2024-09-06 21:08:18,395 [Worker-0: Building] INFO  o.a.m.s.f.DefaultMavenResourcesFiltering - skip non existing resourceDirectory C:\Users\HP\OneDrive\Desktop\BackEnd_wakefitfurniture_Latest_Springboot\BackEnd_wakefitfurniture_Latest\BackEnd_wakefitfurniture\wakefitfurniture\src\test\resources
2024-09-06 21:08:20,897 [Worker-8: Building] INFO  o.a.m.s.f.DefaultMavenResourcesFiltering - Copying 1 resource from src\main\resources to target\classes
2024-09-06 21:08:20,902 [Worker-8: Building] INFO  o.a.m.s.f.DefaultMavenResourcesFiltering - Copying 1 resource from src\main\resources to target\classes
2024-09-06 21:08:20,911 [Worker-8: Building] INFO  o.a.m.s.f.DefaultMavenResourcesFiltering - skip non existing resourceDirectory C:\Users\HP\OneDrive\Desktop\BackEnd_wakefitfurniture_Latest_Springboot\BackEnd_wakefitfurniture_Latest\BackEnd_wakefitfurniture\wakefitfurniture\src\test\resources
2024-09-06 21:12:45,257 [Worker-6: Loading available Gradle versions] INFO  o.e.b.c.i.u.g.PublishedGradleVersions - Gradle version information cache is up-to-date. Trying to read.
2024-09-06 21:13:00,705 [Worker-4: Building] INFO  o.e.m.c.i.l.LifecycleMappingFactory - Using org.eclipse.m2e.jdt.JarLifecycleMapping lifecycle mapping for MavenProject: com.wakefit.ecommerce:wakefitfurniture:0.0.1-SNAPSHOT @ C:\Users\HP\OneDrive\Desktop\BackEnd_wakefitfurniture_Latest_Springboot\BackEnd_wakefitfurniture_Latest\BackEnd_wakefitfurniture\wakefitfurniture\pom.xml.
2024-09-06 21:13:01,530 [Worker-4: Building] WARN  o.e.m.c.i.embedder.EclipseLogger - The artifact org.hibernate:hibernate-core:jar:6.0.0.Final has been relocated to org.hibernate.orm:hibernate-core:jar:6.0.0.Final
2024-09-06 21:13:03,809 [Worker-4: Updating Maven Dependencies] INFO  o.e.m.c.i.l.LifecycleMappingFactory - Using org.eclipse.m2e.jdt.JarLifecycleMapping lifecycle mapping for MavenProject: com.wakefit.ecommerce:wakefitfurniture:0.0.1-SNAPSHOT @ C:\Users\HP\OneDrive\Desktop\BackEnd_wakefitfurniture_Latest_Springboot\BackEnd_wakefitfurniture_Latest\BackEnd_wakefitfurniture\wakefitfurniture\pom.xml.
2024-09-06 21:13:04,422 [Worker-4: Updating Maven Dependencies] WARN  o.e.m.c.i.embedder.EclipseLogger - The artifact org.hibernate:hibernate-core:jar:6.0.0.Final has been relocated to org.hibernate.orm:hibernate-core:jar:6.0.0.Final
2024-09-06 21:14:27,439 [Worker-1: Building] INFO  o.a.m.s.f.DefaultMavenResourcesFiltering - Copying 1 resource from src\main\resources to target\classes
2024-09-06 21:14:27,467 [Worker-1: Building] INFO  o.a.m.s.f.DefaultMavenResourcesFiltering - Copying 1 resource from src\main\resources to target\classes
2024-09-06 21:14:27,476 [Worker-1: Building] INFO  o.a.m.s.f.DefaultMavenResourcesFiltering - skip non existing resourceDirectory C:\Users\HP\OneDrive\Desktop\BackEnd_wakefitfurniture_Latest_Springboot\BackEnd_wakefitfurniture_Latest\BackEnd_wakefitfurniture\wakefitfurniture\src\test\resources
2024-09-07 15:17:48,479 [Worker-4: Loading available Gradle versions] INFO  o.e.b.c.i.u.g.PublishedGradleVersions - Gradle version information cache is up-to-date. Trying to read.
2024-09-07 15:18:56,310 [Worker-7: Launching wakefitfurniture - wakefitfurnitureApplication] WARN  o.e.m.c.i.embedder.EclipseLogger - The artifact org.hibernate:hibernate-core:jar:6.0.0.Final has been relocated to org.hibernate.orm:hibernate-core:jar:6.0.0.Final
2024-09-07 15:18:56,735 [Worker-7: Launching wakefitfurniture - wakefitfurnitureApplication] INFO  o.a.m.s.f.DefaultMavenResourcesFiltering - Copying 1 resource from src\main\resources to target\classes
2024-09-07 15:18:56,752 [Worker-7: Launching wakefitfurniture - wakefitfurnitureApplication] INFO  o.a.m.s.f.DefaultMavenResourcesFiltering - Copying 1 resource from src\main\resources to target\classes
2024-09-07 15:18:56,760 [Worker-7: Launching wakefitfurniture - wakefitfurnitureApplication] INFO  o.a.m.s.f.DefaultMavenResourcesFiltering - skip non existing resourceDirectory C:\Users\HP\OneDrive\Desktop\BackEnd_wakefitfurniture_Latest_Springboot\BackEnd_wakefitfurniture_Latest\BackEnd_wakefitfurniture\wakefitfurniture\src\test\resources
2024-09-07 15:22:00,035 [Worker-1: Building] INFO  o.a.m.s.f.DefaultMavenResourcesFiltering - Copying 1 resource from src\main\resources to target\classes
2024-09-07 15:22:00,048 [Worker-1: Building] INFO  o.a.m.s.f.DefaultMavenResourcesFiltering - Copying 1 resource from src\main\resources to target\classes
2024-09-07 15:22:00,057 [Worker-1: Building] INFO  o.a.m.s.f.DefaultMavenResourcesFiltering - skip non existing resourceDirectory C:\Users\HP\OneDrive\Desktop\BackEnd_wakefitfurniture_Latest_Springboot\BackEnd_wakefitfurniture_Latest\BackEnd_wakefitfurniture\wakefitfurniture\src\test\resources
2024-09-07 15:24:51,798 [Worker-1: Building] INFO  o.a.m.s.f.DefaultMavenResourcesFiltering - Copying 1 resource from src\main\resources to target\classes
2024-09-07 15:24:51,807 [Worker-1: Building] INFO  o.a.m.s.f.DefaultMavenResourcesFiltering - Copying 0 resource from src\main\resources to target\classes
2024-09-07 15:24:51,815 [Worker-1: Building] INFO  o.a.m.s.f.DefaultMavenResourcesFiltering - skip non existing resourceDirectory C:\Users\HP\OneDrive\Desktop\BackEnd_wakefitfurniture_Latest_Springboot\BackEnd_wakefitfurniture_Latest\BackEnd_wakefitfurniture\wakefitfurniture\src\test\resources
2024-09-07 15:26:07,392 [Worker-6: Building] INFO  o.a.m.s.f.DefaultMavenResourcesFiltering - Copying 1 resource from src\main\resources to target\classes
2024-09-07 15:26:07,403 [Worker-6: Building] INFO  o.a.m.s.f.DefaultMavenResourcesFiltering - Copying 0 resource from src\main\resources to target\classes
2024-09-07 15:26:07,410 [Worker-6: Building] INFO  o.a.m.s.f.DefaultMavenResourcesFiltering - skip non existing resourceDirectory C:\Users\HP\OneDrive\Desktop\BackEnd_wakefitfurniture_Latest_Springboot\BackEnd_wakefitfurniture_Latest\BackEnd_wakefitfurniture\wakefitfurniture\src\test\resources
2024-09-07 15:27:01,718 [Worker-1: Building] INFO  o.a.m.s.f.DefaultMavenResourcesFiltering - Copying 1 resource from src\main\resources to target\classes
2024-09-07 15:27:01,726 [Worker-1: Building] INFO  o.a.m.s.f.DefaultMavenResourcesFiltering - Copying 1 resource from src\main\resources to target\classes
2024-09-07 15:27:01,732 [Worker-1: Building] INFO  o.a.m.s.f.DefaultMavenResourcesFiltering - skip non existing resourceDirectory C:\Users\HP\OneDrive\Desktop\BackEnd_wakefitfurniture_Latest_Springboot\BackEnd_wakefitfurniture_Latest\BackEnd_wakefitfurniture\wakefitfurniture\src\test\resources
2024-09-07 15:27:24,161 [Worker-18: Building] INFO  o.a.m.s.f.DefaultMavenResourcesFiltering - Copying 1 resource from src\main\resources to target\classes
2024-09-07 15:27:24,169 [Worker-18: Building] INFO  o.a.m.s.f.DefaultMavenResourcesFiltering - Copying 0 resource from src\main\resources to target\classes
2024-09-07 15:27:24,173 [Worker-18: Building] INFO  o.a.m.s.f.DefaultMavenResourcesFiltering - skip non existing resourceDirectory C:\Users\HP\OneDrive\Desktop\BackEnd_wakefitfurniture_Latest_Springboot\BackEnd_wakefitfurniture_Latest\BackEnd_wakefitfurniture\wakefitfurniture\src\test\resources
2024-09-07 16:00:55,994 [Worker-6: Loading available Gradle versions] INFO  o.e.b.c.i.u.g.PublishedGradleVersions - Gradle version information cache is up-to-date. Trying to read.
2024-09-14 11:46:30,153 [Worker-8: Loading available Gradle versions] INFO  o.e.b.c.i.u.g.PublishedGradleVersions - Gradle version information cache is up-to-date. Trying to read.
