2024-10-06 19:35:14,298 [Worker-8: Loading available Gradle versions] INFO  o.e.b.c.i.u.g.PublishedGradleVersions - Gradle version information cache is up-to-date. Trying to read.
2024-10-06 19:37:52,911 [Worker-4: Importing Maven projects] INFO  o.e.m.c.i.l.LifecycleMappingFactory - Using org.eclipse.m2e.jdt.JarLifecycleMapping lifecycle mapping for MavenProject: com.wakefit.ecommerce:wakefitfurniture:0.0.1-SNAPSHOT @ D:\Capgemini\BackEnd_wakefitfurniture_Latest_Springboot_latest\BackEnd_wakefitfurniture_Latest_Springboot\BackEnd_wakefitfurniture_Latest\BackEnd_wakefitfurniture\wakefitfurniture\pom.xml.
2024-10-06 19:37:56,285 [Worker-4: Importing Maven projects] WARN  o.e.m.c.i.embedder.EclipseLogger - The artifact org.hibernate:hibernate-core:jar:6.0.0.Final has been relocated to org.hibernate.orm:hibernate-core:jar:6.0.0.Final
2024-10-06 19:37:57,583 [Worker-4: Importing Maven projects] INFO  o.e.m.j.i.AbstractJavaProjectConfigurator - Adding source folder /wakefitfurniture/src/main/java
2024-10-06 19:37:57,587 [Worker-4: Importing Maven projects] INFO  o.e.m.j.i.AbstractJavaProjectConfigurator - Adding resource folder /wakefitfurniture/src/main/resources
2024-10-06 19:37:57,588 [Worker-4: Importing Maven projects] INFO  o.e.m.j.i.AbstractJavaProjectConfigurator - Adding resource folder /wakefitfurniture/src/main/resources
2024-10-06 19:37:57,589 [Worker-4: Importing Maven projects] INFO  o.e.m.j.i.AbstractJavaProjectConfigurator - Adding source folder /wakefitfurniture/src/test/java
2024-10-06 19:37:57,590 [Worker-4: Importing Maven projects] INFO  o.e.m.j.i.AbstractJavaProjectConfigurator - Adding resource folder /wakefitfurniture/src/test/resources
2024-10-06 19:37:58,099 [Worker-4: Importing Maven projects] INFO  o.e.m.c.i.p.ProjectConfigurationManager - Imported and configured 1 project(s) in 10 sec
2024-10-06 19:38:00,442 [Worker-4: Building] INFO  o.a.m.s.f.DefaultMavenResourcesFiltering - Copying 1 resource from src\main\resources to target\classes
2024-10-06 19:38:00,466 [Worker-4: Building] INFO  o.a.m.s.f.DefaultMavenResourcesFiltering - Copying 1 resource from src\main\resources to target\classes
2024-10-06 19:38:00,477 [Worker-4: Building] INFO  o.a.m.s.f.DefaultMavenResourcesFiltering - skip non existing resourceDirectory D:\Capgemini\BackEnd_wakefitfurniture_Latest_Springboot_latest\BackEnd_wakefitfurniture_Latest_Springboot\BackEnd_wakefitfurniture_Latest\BackEnd_wakefitfurniture\wakefitfurniture\src\test\resources
2024-10-06 20:35:05,280 [Worker-31: Updating Maven Project] INFO  o.e.m.c.i.p.ProjectConfigurationManager - Update started
2024-10-06 20:35:09,034 [Worker-31: Updating Maven Project] INFO  o.e.m.c.i.l.LifecycleMappingFactory - Using org.eclipse.m2e.jdt.JarLifecycleMapping lifecycle mapping for MavenProject: com.wakefit.ecommerce:wakefitfurniture:0.0.1-SNAPSHOT @ D:\Capgemini\BackEnd_wakefitfurniture_Latest_Springboot_latest\BackEnd_wakefitfurniture_Latest_Springboot\BackEnd_wakefitfurniture_Latest\BackEnd_wakefitfurniture\wakefitfurniture\pom.xml.
2024-10-06 20:35:12,538 [Worker-31: Updating Maven Project] WARN  o.e.m.c.i.embedder.EclipseLogger - The artifact org.hibernate:hibernate-core:jar:6.0.0.Final has been relocated to org.hibernate.orm:hibernate-core:jar:6.0.0.Final
2024-10-06 20:35:14,524 [Worker-31: Updating Maven Project] INFO  o.e.m.j.i.AbstractJavaProjectConfigurator - Adding source folder /wakefitfurniture/src/main/java
2024-10-06 20:35:14,525 [Worker-31: Updating Maven Project] INFO  o.e.m.j.i.AbstractJavaProjectConfigurator - Adding resource folder /wakefitfurniture/src/main/resources
2024-10-06 20:35:14,526 [Worker-31: Updating Maven Project] INFO  o.e.m.j.i.AbstractJavaProjectConfigurator - Adding resource folder /wakefitfurniture/src/main/resources
2024-10-06 20:35:14,526 [Worker-31: Updating Maven Project] INFO  o.e.m.j.i.AbstractJavaProjectConfigurator - Adding source folder /wakefitfurniture/src/test/java
2024-10-06 20:35:14,527 [Worker-31: Updating Maven Project] INFO  o.e.m.j.i.AbstractJavaProjectConfigurator - Adding resource folder /wakefitfurniture/src/test/resources
2024-10-06 20:35:14,997 [Worker-31: Updating Maven Project] INFO  o.e.m.c.i.p.ProjectConfigurationManager - Update completed for 1 poms: local refresh takes 0.00 sec, refresh facades takes 9.00 sec, update config takes 0.00 sec 
2024-10-06 20:35:16,954 [Worker-31: Building] INFO  o.a.m.s.f.DefaultMavenResourcesFiltering - Copying 1 resource from src\main\resources to target\classes
2024-10-06 20:35:16,968 [Worker-31: Building] INFO  o.a.m.s.f.DefaultMavenResourcesFiltering - Copying 1 resource from src\main\resources to target\classes
2024-10-06 20:35:16,976 [Worker-31: Building] INFO  o.a.m.s.f.DefaultMavenResourcesFiltering - skip non existing resourceDirectory D:\Capgemini\BackEnd_wakefitfurniture_Latest_Springboot_latest\BackEnd_wakefitfurniture_Latest_Springboot\BackEnd_wakefitfurniture_Latest\BackEnd_wakefitfurniture\wakefitfurniture\src\test\resources
2024-10-06 20:38:36,601 [Worker-37: Building] INFO  o.a.m.s.f.DefaultMavenResourcesFiltering - Copying 1 resource from src\main\resources to target\classes
2024-10-06 20:38:36,621 [Worker-37: Building] INFO  o.a.m.s.f.DefaultMavenResourcesFiltering - Copying 0 resource from src\main\resources to target\classes
2024-10-06 20:38:36,625 [Worker-37: Building] INFO  o.a.m.s.f.DefaultMavenResourcesFiltering - skip non existing resourceDirectory D:\Capgemini\BackEnd_wakefitfurniture_Latest_Springboot_latest\BackEnd_wakefitfurniture_Latest_Springboot\BackEnd_wakefitfurniture_Latest\BackEnd_wakefitfurniture\wakefitfurniture\src\test\resources
2024-10-06 20:41:50,136 [Worker-6: Loading available Gradle versions] INFO  o.e.b.c.i.u.g.PublishedGradleVersions - Gradle version information cache is up-to-date. Trying to read.
2024-10-06 20:41:54,095 [Worker-4: Check for devtools] WARN  o.e.m.c.i.embedder.EclipseLogger - The artifact org.hibernate:hibernate-core:jar:6.0.0.Final has been relocated to org.hibernate.orm:hibernate-core:jar:6.0.0.Final
2024-10-06 21:47:24,621 [Worker-14: Building] INFO  o.a.m.s.f.DefaultMavenResourcesFiltering - Copying 1 resource from src\main\resources to target\classes
2024-10-06 21:47:24,681 [Worker-14: Building] INFO  o.a.m.s.f.DefaultMavenResourcesFiltering - Copying 1 resource from src\main\resources to target\classes
2024-10-06 21:47:24,699 [Worker-14: Building] INFO  o.a.m.s.f.DefaultMavenResourcesFiltering - skip non existing resourceDirectory D:\Capgemini\BackEnd_wakefitfurniture_Latest_Springboot_latest\BackEnd_wakefitfurniture_Latest_Springboot\BackEnd_wakefitfurniture_Latest\BackEnd_wakefitfurniture\wakefitfurniture\src\test\resources
2024-10-06 21:47:27,695 [Worker-17: Building] INFO  o.a.m.s.f.DefaultMavenResourcesFiltering - Copying 0 resource from src\main\resources to target\classes
2024-10-06 21:47:27,697 [Worker-17: Building] INFO  o.a.m.s.f.DefaultMavenResourcesFiltering - Copying 0 resource from src\main\resources to target\classes
2024-10-06 21:47:27,704 [Worker-17: Building] INFO  o.a.m.s.f.DefaultMavenResourcesFiltering - skip non existing resourceDirectory D:\Capgemini\BackEnd_wakefitfurniture_Latest_Springboot_latest\BackEnd_wakefitfurniture_Latest_Springboot\BackEnd_wakefitfurniture_Latest\BackEnd_wakefitfurniture\wakefitfurniture\src\test\resources
2024-10-06 22:00:17,132 [Worker-20: Building] INFO  o.a.m.s.f.DefaultMavenResourcesFiltering - Copying 1 resource from src\main\resources to target\classes
2024-10-06 22:00:17,137 [Worker-20: Building] INFO  o.a.m.s.f.DefaultMavenResourcesFiltering - Copying 1 resource from src\main\resources to target\classes
2024-10-06 22:00:17,142 [Worker-20: Building] INFO  o.a.m.s.f.DefaultMavenResourcesFiltering - skip non existing resourceDirectory D:\Capgemini\BackEnd_wakefitfurniture_Latest_Springboot_latest\BackEnd_wakefitfurniture_Latest_Springboot\BackEnd_wakefitfurniture_Latest\BackEnd_wakefitfurniture\wakefitfurniture\src\test\resources
2024-10-06 22:38:07,632 [Worker-33: Building] INFO  o.e.m.c.i.l.LifecycleMappingFactory - Using org.eclipse.m2e.jdt.JarLifecycleMapping lifecycle mapping for MavenProject: com.wakefit.ecommerce:wakefitfurniture:0.0.1-SNAPSHOT @ D:\Capgemini\BackEnd_wakefitfurniture_Latest_Springboot_latest\BackEnd_wakefitfurniture_Latest_Springboot\BackEnd_wakefitfurniture_Latest\BackEnd_wakefitfurniture\wakefitfurniture\pom.xml.
2024-10-06 22:38:08,071 [Worker-33: Building] WARN  o.e.m.c.i.embedder.EclipseLogger - The artifact org.hibernate:hibernate-core:jar:6.0.0.Final has been relocated to org.hibernate.orm:hibernate-core:jar:6.0.0.Final
2024-10-06 22:38:08,628 [Worker-33: Building] INFO  o.a.m.s.f.DefaultMavenResourcesFiltering - Copying 0 resource from src\main\resources to target\classes
2024-10-06 22:38:08,630 [Worker-33: Building] INFO  o.a.m.s.f.DefaultMavenResourcesFiltering - Copying 0 resource from src\main\resources to target\classes
2024-10-06 22:38:08,636 [Worker-33: Building] INFO  o.a.m.s.f.DefaultMavenResourcesFiltering - skip non existing resourceDirectory D:\Capgemini\BackEnd_wakefitfurniture_Latest_Springboot_latest\BackEnd_wakefitfurniture_Latest_Springboot\BackEnd_wakefitfurniture_Latest\BackEnd_wakefitfurniture\wakefitfurniture\src\test\resources
2024-10-06 22:38:10,965 [Worker-30: Building] INFO  o.a.m.s.f.DefaultMavenResourcesFiltering - Copying 1 resource from src\main\resources to target\classes
2024-10-06 22:38:11,010 [Worker-30: Building] INFO  o.a.m.s.f.DefaultMavenResourcesFiltering - Copying 1 resource from src\main\resources to target\classes
2024-10-06 22:38:11,015 [Worker-30: Building] INFO  o.a.m.s.f.DefaultMavenResourcesFiltering - skip non existing resourceDirectory D:\Capgemini\BackEnd_wakefitfurniture_Latest_Springboot_latest\BackEnd_wakefitfurniture_Latest_Springboot\BackEnd_wakefitfurniture_Latest\BackEnd_wakefitfurniture\wakefitfurniture\src\test\resources
2024-10-06 22:41:32,534 [Worker-33: Building] INFO  o.a.m.s.f.DefaultMavenResourcesFiltering - Copying 1 resource from src\main\resources to target\classes
2024-10-06 22:41:32,543 [Worker-33: Building] INFO  o.a.m.s.f.DefaultMavenResourcesFiltering - Copying 1 resource from src\main\resources to target\classes
2024-10-06 22:41:32,549 [Worker-33: Building] INFO  o.a.m.s.f.DefaultMavenResourcesFiltering - skip non existing resourceDirectory D:\Capgemini\BackEnd_wakefitfurniture_Latest_Springboot_latest\BackEnd_wakefitfurniture_Latest_Springboot\BackEnd_wakefitfurniture_Latest\BackEnd_wakefitfurniture\wakefitfurniture\src\test\resources
2024-10-06 22:41:48,244 [Worker-30: Building] INFO  o.a.m.s.f.DefaultMavenResourcesFiltering - Copying 1 resource from src\main\resources to target\classes
2024-10-06 22:41:48,251 [Worker-30: Building] INFO  o.a.m.s.f.DefaultMavenResourcesFiltering - Copying 1 resource from src\main\resources to target\classes
2024-10-06 22:41:48,257 [Worker-30: Building] INFO  o.a.m.s.f.DefaultMavenResourcesFiltering - skip non existing resourceDirectory D:\Capgemini\BackEnd_wakefitfurniture_Latest_Springboot_latest\BackEnd_wakefitfurniture_Latest_Springboot\BackEnd_wakefitfurniture_Latest\BackEnd_wakefitfurniture\wakefitfurniture\src\test\resources
2024-10-06 22:44:12,950 [Worker-38: Building] INFO  o.a.m.s.f.DefaultMavenResourcesFiltering - Copying 1 resource from src\main\resources to target\classes
2024-10-06 22:44:12,956 [Worker-38: Building] INFO  o.a.m.s.f.DefaultMavenResourcesFiltering - Copying 1 resource from src\main\resources to target\classes
2024-10-06 22:44:12,961 [Worker-38: Building] INFO  o.a.m.s.f.DefaultMavenResourcesFiltering - skip non existing resourceDirectory D:\Capgemini\BackEnd_wakefitfurniture_Latest_Springboot_latest\BackEnd_wakefitfurniture_Latest_Springboot\BackEnd_wakefitfurniture_Latest\BackEnd_wakefitfurniture\wakefitfurniture\src\test\resources
2024-10-06 22:45:40,535 [Worker-7: Loading available Gradle versions] INFO  o.e.b.c.i.u.g.PublishedGradleVersions - Gradle version information cache is out-of-date. Trying to update.
2024-10-06 22:46:31,945 [Worker-7: Launching wakefitfurniture - WakefitFurnitureApplication] WARN  o.e.m.c.i.embedder.EclipseLogger - The artifact org.hibernate:hibernate-core:jar:6.0.0.Final has been relocated to org.hibernate.orm:hibernate-core:jar:6.0.0.Final
2024-10-06 23:24:01,581 [Worker-15: Building] INFO  o.a.m.s.f.DefaultMavenResourcesFiltering - Copying 1 resource from src\main\resources to target\classes
2024-10-06 23:24:01,613 [Worker-15: Building] INFO  o.a.m.s.f.DefaultMavenResourcesFiltering - Copying 1 resource from src\main\resources to target\classes
2024-10-06 23:24:01,624 [Worker-15: Building] INFO  o.a.m.s.f.DefaultMavenResourcesFiltering - skip non existing resourceDirectory D:\Capgemini\BackEnd_wakefitfurniture_Latest_Springboot_latest\BackEnd_wakefitfurniture_Latest_Springboot\BackEnd_wakefitfurniture_Latest\BackEnd_wakefitfurniture\wakefitfurniture\src\test\resources
2024-10-07 13:14:41,141 [Worker-6: Loading available Gradle versions] INFO  o.e.b.c.i.u.g.PublishedGradleVersions - Gradle version information cache is up-to-date. Trying to read.
2024-10-07 13:16:51,080 [Worker-3: Launching wakefitfurniture - WakefitFurnitureApplication] WARN  o.e.m.c.i.embedder.EclipseLogger - The artifact org.hibernate:hibernate-core:jar:6.0.0.Final has been relocated to org.hibernate.orm:hibernate-core:jar:6.0.0.Final
2024-10-08 12:59:37,025 [Worker-7: Loading available Gradle versions] INFO  o.e.b.c.i.u.g.PublishedGradleVersions - Gradle version information cache is out-of-date. Trying to update.
2024-10-08 13:02:39,971 [Worker-3: Launching wakefitfurniture - WakefitFurnitureApplication] WARN  o.e.m.c.i.embedder.EclipseLogger - The artifact org.hibernate:hibernate-core:jar:6.0.0.Final has been relocated to org.hibernate.orm:hibernate-core:jar:6.0.0.Final
2024-10-08 15:11:00,010 [Worker-49: Building] INFO  o.a.m.s.f.DefaultMavenResourcesFiltering - Copying 1 resource from src\main\resources to target\classes
2024-10-08 15:11:00,036 [Worker-49: Building] INFO  o.a.m.s.f.DefaultMavenResourcesFiltering - Copying 1 resource from src\main\resources to target\classes
2024-10-08 15:11:00,042 [Worker-49: Building] INFO  o.a.m.s.f.DefaultMavenResourcesFiltering - skip non existing resourceDirectory D:\Capgemini\BackEnd_wakefitfurniture_Latest_Springboot_latest\BackEnd_wakefitfurniture_Latest_Springboot\BackEnd_wakefitfurniture_Latest\BackEnd_wakefitfurniture\wakefitfurniture\src\test\resources
2024-10-08 15:11:29,435 [Worker-56: Building] INFO  o.a.m.s.f.DefaultMavenResourcesFiltering - Copying 1 resource from src\main\resources to target\classes
2024-10-08 15:11:29,442 [Worker-56: Building] INFO  o.a.m.s.f.DefaultMavenResourcesFiltering - Copying 0 resource from src\main\resources to target\classes
2024-10-08 15:11:29,446 [Worker-56: Building] INFO  o.a.m.s.f.DefaultMavenResourcesFiltering - skip non existing resourceDirectory D:\Capgemini\BackEnd_wakefitfurniture_Latest_Springboot_latest\BackEnd_wakefitfurniture_Latest_Springboot\BackEnd_wakefitfurniture_Latest\BackEnd_wakefitfurniture\wakefitfurniture\src\test\resources
